<?xml version="1.0" encoding="UTF-8"?>
<!-- Generated by org.testng.reporters.JUnitReportReporter -->
<testsuite skipped="0" hostname="DESKTOP-NGHCPKG" name="a1_sampleTest.BingTest" tests="1" failures="0" timestamp="14 Sep 2022 05:54:07 GMT" time="11.063" errors="0">
  <testcase name="validateBing" time="11.063" classname="a1_sampleTest.BingTest"/>
</testsuite> <!-- a1_sampleTest.BingTest -->
