<?xml version="1.0" encoding="UTF-8"?>
<!-- Generated by org.testng.reporters.JUnitReportReporter -->
<testsuite skipped="0" hostname="DESKTOP-NGHCPKG" name="a2_sampleTest.GoogleTest" tests="1" failures="0" timestamp="14 Sep 2022 05:54:07 GMT" time="7.846" errors="0">
  <testcase name="validateBing" time="7.846" classname="a2_sampleTest.GoogleTest"/>
</testsuite> <!-- a2_sampleTest.GoogleTest -->
